{"/Users/surawutbinmamud/Desktop/project/merge.js": {"path":"/Users/surawutbinmamud/Desktop/project/merge.js","statementMap":{"0":{"start":{"line":2,"column":27},"end":{"line":2,"column":29}},"1":{"start":{"line":3,"column":17},"end":{"line":3,"column":18}},"2":{"start":{"line":4,"column":17},"end":{"line":4,"column":18}},"3":{"start":{"line":5,"column":4},"end":{"line":13,"column":5}},"4":{"start":{"line":6,"column":8},"end":{"line":12,"column":9}},"5":{"start":{"line":7,"column":12},"end":{"line":7,"column":56}},"6":{"start":{"line":8,"column":12},"end":{"line":8,"column":21}},"7":{"start":{"line":10,"column":12},"end":{"line":10,"column":56}},"8":{"start":{"line":11,"column":12},"end":{"line":11,"column":21}},"9":{"start":{"line":15,"column":4},"end":{"line":18,"column":5}},"10":{"start":{"line":16,"column":8},"end":{"line":16,"column":52}},"11":{"start":{"line":17,"column":8},"end":{"line":17,"column":17}},"12":{"start":{"line":20,"column":4},"end":{"line":23,"column":5}},"13":{"start":{"line":21,"column":8},"end":{"line":21,"column":52}},"14":{"start":{"line":22,"column":8},"end":{"line":22,"column":17}},"15":{"start":{"line":24,"column":4},"end":{"line":24,"column":28}},"16":{"start":{"line":26,"column":0},"end":{"line":26,"column":23}}},"fnMap":{"0":{"name":"merge","decl":{"start":{"line":1,"column":9},"end":{"line":1,"column":14}},"loc":{"start":{"line":1,"column":43},"end":{"line":25,"column":1}},"line":1}},"branchMap":{"0":{"loc":{"start":{"line":5,"column":11},"end":{"line":5,"column":71}},"type":"binary-expr","locations":[{"start":{"line":5,"column":11},"end":{"line":5,"column":39}},{"start":{"line":5,"column":43},"end":{"line":5,"column":71}}],"line":5},"1":{"loc":{"start":{"line":6,"column":8},"end":{"line":12,"column":9}},"type":"if","locations":[{"start":{"line":6,"column":8},"end":{"line":12,"column":9}},{"start":{"line":9,"column":15},"end":{"line":12,"column":9}}],"line":6}},"s":{"0":3,"1":3,"2":3,"3":3,"4":18,"5":10,"6":10,"7":8,"8":8,"9":3,"10":1,"11":1,"12":3,"13":2,"14":2,"15":3,"16":1},"f":{"0":3},"b":{"0":[21,19],"1":[10,8]},"_coverageSchema":"1a1c01bbd47fc00a2c39e90264f33305004495a9","hash":"0b4187a430d995ba4d25f11ac7099b8909526fe4"}
,"/Users/surawutbinmamud/Desktop/project/sum.js": {"path":"/Users/surawutbinmamud/Desktop/project/sum.js","statementMap":{"0":{"start":{"line":2,"column":4},"end":{"line":2,"column":16}},"1":{"start":{"line":4,"column":0},"end":{"line":4,"column":23}},"2":{"start":{"line":5,"column":0},"end":{"line":5,"column":21}}},"fnMap":{"0":{"name":"sum","decl":{"start":{"line":1,"column":9},"end":{"line":1,"column":12}},"loc":{"start":{"line":1,"column":19},"end":{"line":3,"column":1}},"line":1}},"branchMap":{},"s":{"0":2,"1":1,"2":1},"f":{"0":2},"b":{},"_coverageSchema":"1a1c01bbd47fc00a2c39e90264f33305004495a9","hash":"5467ce499d570713fd583c5295457cd4e8ca0a41"}
}
